\BOOKMARK [1][-]{section.1}{\376\377\000C\001\240\000\040\000S\036\336\000\040\000L\000\315\000\040\000T\000H\000U\000Y\036\276\000T\000\040\000C\036\346\000A\000\040\000P\000H\000\302\000N\000\040\000T\000\315\000C\000H\000\040\000S\000V\000D}{}% 1
\BOOKMARK [2][-]{subsection.1.1}{\376\377\000G\000i\036\333\000i\000\040\000t\000h\000i\036\307\000u}{section.1}% 2
\BOOKMARK [2][-]{subsection.1.2}{\376\377\000K\000i\036\277\000n\000\040\000t\000h\036\351\000c\000\040\000l\000i\000\352\000n\000\040\000q\000u\000a\000n\000\040\001\021\036\241\000i\000\040\000s\036\321\000\040\000t\000u\000y\036\277\000n\000\040\000t\000\355\000n\000h}{section.1}% 3
\BOOKMARK [3][-]{subsubsection.1.2.1}{\376\377\000T\000r\036\313\000\040\000r\000i\000\352\000n\000g\000\040\000v\000\340\000\040\000v\000e\000c\000t\000o\000r\000\040\000r\000i\000\352\000n\000g}{subsection.1.2}% 4
\BOOKMARK [3][-]{subsubsection.1.2.2}{\376\377\000H\036\307\000\040\000t\000r\036\361\000c\000\040\000g\000i\000a\000o\000\040\000v\000\340\000\040\000t\000r\036\361\000c\000\040\000c\000h\000u\036\251\000n}{subsection.1.2}% 5
\BOOKMARK [2][-]{subsection.1.3}{\376\377\000S\000i\000n\000g\000u\000l\000a\000r\000\040\000V\000a\000l\000u\000e\000\040\000D\000e\000c\000o\000m\000p\000o\000s\000i\000t\000i\000o\000n}{section.1}% 6
\BOOKMARK [3][-]{subsubsection.1.3.1}{\376\377\000P\000h\000\341\000t\000\040\000b\000i\036\303\000u\000\040\000S\000V\000D}{subsection.1.3}% 7
\BOOKMARK [3][-]{subsubsection.1.3.2}{\376\377\000N\000g\000u\036\323\000n\000\040\000g\036\321\000c\000\040\000c\036\347\000a\000\040\000S\000V\000D}{subsection.1.3}% 8
\BOOKMARK [2][-]{subsection.1.4}{\376\377\000C\000\341\000c\000\040\000p\000h\000\351\000p\000\040\000g\000i\036\243\000m\000\040\000c\000h\000i\036\301\000u\000\040\000S\000V\000D}{section.1}% 9
\BOOKMARK [3][-]{subsubsection.1.4.1}{\376\377\000C\000o\000m\000p\000a\000c\000t\000\040\000S\000V\000D}{subsection.1.4}% 10
\BOOKMARK [3][-]{subsubsection.1.4.2}{\376\377\000T\000r\000u\000n\000c\000a\000t\000e\000d\000\040\000S\000V\000D}{subsection.1.4}% 11
\BOOKMARK [3][-]{subsubsection.1.4.3}{\376\377\000B\000e\000s\000t\000\040\000R\000a\000n\000k\000\040\000k\000\040\000A\000p\000p\000r\000o\000x\000i\000m\000a\000t\000i\000o\000n}{subsection.1.4}% 12
\BOOKMARK [1][-]{section.2}{\376\377\036\350\000N\000G\000\040\000D\036\344\000N\000G\000\040\000S\000V\000D\000\040\000V\000\300\000O\000\040\000K\000H\036\354\000\040\000N\000H\000I\036\304\000U\000\040\000\302\000M\000\040\000T\000H\000A\000N\000H}{}% 13
\BOOKMARK [2][-]{subsection.2.1}{\376\377\001\020\036\267\000t\000\040\000v\036\245\000n\000\040\001\021\036\301}{section.2}% 14
\BOOKMARK [2][-]{subsection.2.2}{\376\377\000K\000h\036\355\000\040\000n\000h\000i\036\305\000u\000\040\000\342\000m\000\040\000t\000h\000a\000n\000h\000\040\000d\000\371\000n\000g\000\040\000S\000V\000D}{section.2}% 15
\BOOKMARK [2][-]{subsection.2.3}{\376\377\000Q\000u\000\341\000\040\000t\000r\000\354\000n\000h\000\040\000k\000h\036\355\000\040\000n\000h\000i\036\305\000u\000\040\000\342\000m\000\040\000t\000h\000a\000n\000h\000\040\000b\036\261\000n\000g\000\040\000S\000V\000D\000\040\000d\000\371\000n\000g\000\040\000M\000a\000t\000l\000a\000b}{section.2}% 16
\BOOKMARK [2][-]{subsection.2.4}{\376\377\000M\000\343\000\040\000n\000g\000u\036\323\000n\000\040\000M\000a\000t\000l\000a\000b}{section.2}% 17
\BOOKMARK [1][-]{section.3}{\376\377\000M\036\330\000T\000\040\000V\000\300\000I\000\040\036\350\000N\000G\000\040\000D\036\344\000N\000G\000\040\000K\000H\000\301\000C\000\040\000C\036\346\000A\000\040\000S\000V\000D}{}% 18
\BOOKMARK [2][-]{subsection.3.1}{\376\377\000I\000m\000a\000g\000e\000\040\000C\000o\000m\000p\000r\000e\000s\000s\000i\000o\000n\000\040\000\050\000N\000\351\000n\000\040\000h\000\354\000n\000h\000\040\036\243\000n\000h\000\051}{section.3}% 19
\BOOKMARK [2][-]{subsection.3.2}{\376\377\000\301\000p\000\040\000d\036\345\000n\000g\000\040\000c\000h\000o\000\040\000t\000h\000u\036\255\000t\000\040\000t\000o\000\341\000n\000\040\000r\000e\000c\000o\000m\000m\000e\000n\000d\000a\000t\000i\000o\000n\000\040\000s\000y\000s\000t\000e\000m}{section.3}% 20
\BOOKMARK [2][-]{subsection.3.3}{\376\377\000G\000i\036\243\000m\000\040\000c\000h\000i\036\301\000u\000\040\000d\036\357\000\040\000l\000i\036\307\000u\000\040}{section.3}% 21
\BOOKMARK [1][-]{subsection.3.3}{\376\377\000T\000\340\000i\000\040\000l\000i\036\307\000u\000\040\000t\000h\000a\000m\000\040\000k\000h\036\243\000o}{}% 22
